<?xml version="1.0" encoding="UTF-8"?>
<!-- Generated by org.testng.reporters.JUnitReportReporter -->
<testsuite skipped="0" hostname="LAPTOP-NK6RRHIV" name="com.nopcommerce.testcases.RegisterTestCase" tests="1" failures="0" timestamp="2020-12-09T03:57:23 IST" time="32.814" errors="0">
  <testcase name="RegisterUserCase" time="32.814" classname="com.nopcommerce.testcases.RegisterTestCase"/>
  <system-out/>
</testsuite> <!-- com.nopcommerce.testcases.RegisterTestCase -->
