<?xml version="1.0" encoding="UTF-8"?>
<!-- Generated by org.testng.reporters.JUnitReportReporter -->
<testsuite skipped="0" hostname="LAPTOP-NK6RRHIV" name="com.nopcommerce.testcases.RegisterTestCase" tests="1" failures="0" timestamp="2020-12-09T15:29:49 IST" time="65.382" errors="0">
  <testcase name="RegisterUserCase" time="65.382" classname="com.nopcommerce.testcases.RegisterTestCase"/>
  <system-out/>
</testsuite> <!-- com.nopcommerce.testcases.RegisterTestCase -->
